{"/home/nelsons/Grupo11/Projetos/Projeto3/new_cmd_soap_msg.js": {"path":"/home/nelsons/Grupo11/Projetos/Projeto3/new_cmd_soap_msg.js","statementMap":{"0":{"start":{"line":1,"column":18},"end":{"line":1,"column":43}},"1":{"start":{"line":2,"column":13},"end":{"line":2,"column":33}},"2":{"start":{"line":17,"column":17},"end":{"line":20,"column":5}},"3":{"start":{"line":22,"column":4},"end":{"line":22,"column":20}},"4":{"start":{"line":42,"column":14},"end":{"line":42,"column":16}},"5":{"start":{"line":43,"column":4},"end":{"line":43,"column":40}},"6":{"start":{"line":44,"column":4},"end":{"line":44,"column":78}},"7":{"start":{"line":62,"column":4},"end":{"line":64,"column":5}},"8":{"start":{"line":63,"column":8},"end":{"line":63,"column":64}},"9":{"start":{"line":66,"column":14},"end":{"line":66,"column":16}},"10":{"start":{"line":67,"column":4},"end":{"line":67,"column":40}},"11":{"start":{"line":68,"column":4},"end":{"line":68,"column":95}},"12":{"start":{"line":98,"column":14},"end":{"line":98,"column":16}},"13":{"start":{"line":99,"column":4},"end":{"line":99,"column":40}},"14":{"start":{"line":100,"column":4},"end":{"line":100,"column":89}},"15":{"start":{"line":129,"column":17},"end":{"line":129,"column":19}},"16":{"start":{"line":130,"column":7},"end":{"line":130,"column":43}},"17":{"start":{"line":131,"column":7},"end":{"line":131,"column":77}},"18":{"start":{"line":144,"column":0},"end":{"line":144,"column":46}},"19":{"start":{"line":145,"column":0},"end":{"line":145,"column":40}},"20":{"start":{"line":146,"column":0},"end":{"line":146,"column":56}},"21":{"start":{"line":147,"column":0},"end":{"line":147,"column":42}}},"fnMap":{"0":{"name":"get_wsdl","decl":{"start":{"line":6,"column":9},"end":{"line":6,"column":17}},"loc":{"start":{"line":6,"column":23},"end":{"line":23,"column":1}},"line":6},"1":{"name":"getcertificate","decl":{"start":{"line":28,"column":15},"end":{"line":28,"column":29}},"loc":{"start":{"line":28,"column":63},"end":{"line":46,"column":1}},"line":28},"2":{"name":"ccmovelsign","decl":{"start":{"line":48,"column":9},"end":{"line":48,"column":20}},"loc":{"start":{"line":48,"column":81},"end":{"line":69,"column":1}},"line":48},"3":{"name":"ccmovelmultiplesign","decl":{"start":{"line":81,"column":9},"end":{"line":81,"column":28}},"loc":{"start":{"line":81,"column":79},"end":{"line":101,"column":1}},"line":81},"4":{"name":"validate_otp","decl":{"start":{"line":112,"column":9},"end":{"line":112,"column":21}},"loc":{"start":{"line":112,"column":61},"end":{"line":132,"column":1}},"line":112}},"branchMap":{"0":{"loc":{"start":{"line":28,"column":52},"end":{"line":28,"column":62}},"type":"default-arg","locations":[{"start":{"line":28,"column":57},"end":{"line":28,"column":62}}],"line":28},"1":{"loc":{"start":{"line":43,"column":4},"end":{"line":43,"column":40}},"type":"cond-expr","locations":[{"start":{"line":43,"column":9},"end":{"line":43,"column":24}},{"start":{"line":43,"column":25},"end":{"line":43,"column":40}}],"line":43},"2":{"loc":{"start":{"line":48,"column":70},"end":{"line":48,"column":80}},"type":"default-arg","locations":[{"start":{"line":48,"column":75},"end":{"line":48,"column":80}}],"line":48},"3":{"loc":{"start":{"line":62,"column":4},"end":{"line":64,"column":5}},"type":"if","locations":[{"start":{"line":62,"column":4},"end":{"line":64,"column":5}},{"start":{"line":62,"column":4},"end":{"line":64,"column":5}}],"line":62},"4":{"loc":{"start":{"line":67,"column":4},"end":{"line":67,"column":40}},"type":"cond-expr","locations":[{"start":{"line":67,"column":9},"end":{"line":67,"column":24}},{"start":{"line":67,"column":25},"end":{"line":67,"column":40}}],"line":67},"5":{"loc":{"start":{"line":81,"column":68},"end":{"line":81,"column":78}},"type":"default-arg","locations":[{"start":{"line":81,"column":73},"end":{"line":81,"column":78}}],"line":81},"6":{"loc":{"start":{"line":99,"column":4},"end":{"line":99,"column":40}},"type":"cond-expr","locations":[{"start":{"line":99,"column":9},"end":{"line":99,"column":24}},{"start":{"line":99,"column":25},"end":{"line":99,"column":40}}],"line":99},"7":{"loc":{"start":{"line":112,"column":50},"end":{"line":112,"column":60}},"type":"default-arg","locations":[{"start":{"line":112,"column":55},"end":{"line":112,"column":60}}],"line":112},"8":{"loc":{"start":{"line":130,"column":7},"end":{"line":130,"column":43}},"type":"cond-expr","locations":[{"start":{"line":130,"column":12},"end":{"line":130,"column":27}},{"start":{"line":130,"column":28},"end":{"line":130,"column":43}}],"line":130}},"s":{"0":1,"1":1,"2":6,"3":6,"4":2,"5":2,"6":2,"7":2,"8":2,"9":2,"10":2,"11":2,"12":2,"13":2,"14":2,"15":0,"16":0,"17":0,"18":1,"19":1,"20":1,"21":1},"f":{"0":6,"1":2,"2":2,"3":2,"4":0},"b":{"0":[0],"1":[2,0],"2":[1],"3":[2,0],"4":[0,2],"5":[1],"6":[0,2],"7":[0],"8":[0,0]},"_coverageSchema":"1a1c01bbd47fc00a2c39e90264f33305004495a9","hash":"1bcfa6d140b30e14aa9e2d5fec4ff0b7c0b31560"}
,"/home/nelsons/Grupo11/Projetos/Projeto3/soap_request.js": {"path":"/home/nelsons/Grupo11/Projetos/Projeto3/soap_request.js","statementMap":{"0":{"start":{"line":1,"column":14},"end":{"line":1,"column":46}},"1":{"start":{"line":2,"column":19},"end":{"line":2,"column":39}},"2":{"start":{"line":3,"column":9},"end":{"line":3,"column":24}},"3":{"start":{"line":4,"column":8},"end":{"line":4,"column":77}},"4":{"start":{"line":5,"column":9},"end":{"line":5,"column":21}},"5":{"start":{"line":32,"column":6},"end":{"line":32,"column":10}},"6":{"start":{"line":33,"column":2},"end":{"line":59,"column":5}},"7":{"start":{"line":34,"column":4},"end":{"line":58,"column":7}},"8":{"start":{"line":43,"column":6},"end":{"line":49,"column":9}},"9":{"start":{"line":51,"column":6},"end":{"line":57,"column":7}},"10":{"start":{"line":52,"column":8},"end":{"line":52,"column":43}},"11":{"start":{"line":53,"column":8},"end":{"line":53,"column":36}},"12":{"start":{"line":55,"column":8},"end":{"line":55,"column":43}},"13":{"start":{"line":56,"column":8},"end":{"line":56,"column":22}},"14":{"start":{"line":70,"column":4},"end":{"line":82,"column":24}},"15":{"start":{"line":83,"column":4},"end":{"line":83,"column":15}},"16":{"start":{"line":92,"column":4},"end":{"line":92,"column":31}},"17":{"start":{"line":93,"column":16},"end":{"line":93,"column":58}},"18":{"start":{"line":94,"column":26},"end":{"line":97,"column":5}},"19":{"start":{"line":99,"column":25},"end":{"line":99,"column":105}},"20":{"start":{"line":100,"column":42},"end":{"line":100,"column":50}},"21":{"start":{"line":103,"column":4},"end":{"line":103,"column":20}},"22":{"start":{"line":117,"column":3},"end":{"line":132,"column":23}},"23":{"start":{"line":133,"column":4},"end":{"line":133,"column":15}},"24":{"start":{"line":145,"column":16},"end":{"line":145,"column":80}},"25":{"start":{"line":147,"column":26},"end":{"line":150,"column":5}},"26":{"start":{"line":152,"column":25},"end":{"line":152,"column":105}},"27":{"start":{"line":153,"column":42},"end":{"line":153,"column":50}},"28":{"start":{"line":157,"column":4},"end":{"line":157,"column":65}},"29":{"start":{"line":158,"column":4},"end":{"line":158,"column":72}},"30":{"start":{"line":159,"column":4},"end":{"line":159,"column":20}},"31":{"start":{"line":171,"column":4},"end":{"line":175,"column":31}},"32":{"start":{"line":177,"column":8},"end":{"line":177,"column":18}},"33":{"start":{"line":190,"column":22},"end":{"line":190,"column":24}},"34":{"start":{"line":191,"column":4},"end":{"line":193,"column":7}},"35":{"start":{"line":192,"column":8},"end":{"line":192,"column":63}},"36":{"start":{"line":195,"column":6},"end":{"line":212,"column":24}},"37":{"start":{"line":213,"column":4},"end":{"line":213,"column":15}},"38":{"start":{"line":225,"column":16},"end":{"line":225,"column":80}},"39":{"start":{"line":226,"column":4},"end":{"line":226,"column":31}},"40":{"start":{"line":227,"column":26},"end":{"line":230,"column":5}},"41":{"start":{"line":232,"column":25},"end":{"line":232,"column":105}},"42":{"start":{"line":233,"column":42},"end":{"line":233,"column":50}},"43":{"start":{"line":239,"column":4},"end":{"line":239,"column":65}},"44":{"start":{"line":240,"column":4},"end":{"line":240,"column":72}},"45":{"start":{"line":241,"column":4},"end":{"line":241,"column":20}},"46":{"start":{"line":254,"column":4},"end":{"line":266,"column":23}},"47":{"start":{"line":267,"column":4},"end":{"line":267,"column":15}},"48":{"start":{"line":278,"column":16},"end":{"line":278,"column":71}},"49":{"start":{"line":280,"column":26},"end":{"line":283,"column":5}},"50":{"start":{"line":284,"column":4},"end":{"line":284,"column":20}},"51":{"start":{"line":285,"column":25},"end":{"line":285,"column":105}},"52":{"start":{"line":286,"column":42},"end":{"line":286,"column":50}},"53":{"start":{"line":290,"column":4},"end":{"line":290,"column":65}},"54":{"start":{"line":291,"column":4},"end":{"line":291,"column":72}},"55":{"start":{"line":292,"column":4},"end":{"line":292,"column":20}},"56":{"start":{"line":296,"column":0},"end":{"line":296,"column":59}},"57":{"start":{"line":297,"column":0},"end":{"line":297,"column":53}},"58":{"start":{"line":298,"column":0},"end":{"line":298,"column":62}},"59":{"start":{"line":299,"column":0},"end":{"line":299,"column":54}}},"fnMap":{"0":{"name":"soapRequest","decl":{"start":{"line":19,"column":9},"end":{"line":19,"column":20}},"loc":{"start":{"line":25,"column":3},"end":{"line":60,"column":1}},"line":25},"1":{"name":"(anonymous_1)","decl":{"start":{"line":33,"column":21},"end":{"line":33,"column":22}},"loc":{"start":{"line":33,"column":42},"end":{"line":59,"column":3}},"line":33},"2":{"name":"(anonymous_2)","decl":{"start":{"line":42,"column":12},"end":{"line":42,"column":13}},"loc":{"start":{"line":42,"column":26},"end":{"line":50,"column":5}},"line":42},"3":{"name":"(anonymous_3)","decl":{"start":{"line":50,"column":13},"end":{"line":50,"column":14}},"loc":{"start":{"line":50,"column":24},"end":{"line":58,"column":5}},"line":50},"4":{"name":"getCertificateXML","decl":{"start":{"line":69,"column":9},"end":{"line":69,"column":26}},"loc":{"start":{"line":69,"column":52},"end":{"line":84,"column":1}},"line":69},"5":{"name":"getCertificateRequest","decl":{"start":{"line":91,"column":15},"end":{"line":91,"column":36}},"loc":{"start":{"line":91,"column":67},"end":{"line":104,"column":1}},"line":91},"6":{"name":"getCCMovelSignXML","decl":{"start":{"line":116,"column":9},"end":{"line":116,"column":26}},"loc":{"start":{"line":116,"column":74},"end":{"line":134,"column":1}},"line":116},"7":{"name":"CCMovelSignRequest","decl":{"start":{"line":144,"column":15},"end":{"line":144,"column":33}},"loc":{"start":{"line":144,"column":86},"end":{"line":160,"column":1}},"line":144},"8":{"name":"getMultSignHashStructures","decl":{"start":{"line":170,"column":9},"end":{"line":170,"column":34}},"loc":{"start":{"line":170,"column":48},"end":{"line":178,"column":1}},"line":170},"9":{"name":"getCCMovelMultSignXML","decl":{"start":{"line":189,"column":9},"end":{"line":189,"column":30}},"loc":{"start":{"line":189,"column":75},"end":{"line":214,"column":1}},"line":189},"10":{"name":"(anonymous_10)","decl":{"start":{"line":191,"column":21},"end":{"line":191,"column":22}},"loc":{"start":{"line":191,"column":40},"end":{"line":193,"column":5}},"line":191},"11":{"name":"CCMovelMultSignRequest","decl":{"start":{"line":224,"column":15},"end":{"line":224,"column":37}},"loc":{"start":{"line":224,"column":86},"end":{"line":242,"column":1}},"line":224},"12":{"name":"getValidateOTPXML","decl":{"start":{"line":253,"column":9},"end":{"line":253,"column":26}},"loc":{"start":{"line":253,"column":64},"end":{"line":268,"column":1}},"line":253},"13":{"name":"validateOTPRequest","decl":{"start":{"line":277,"column":15},"end":{"line":277,"column":33}},"loc":{"start":{"line":277,"column":77},"end":{"line":293,"column":1}},"line":277}},"branchMap":{"0":{"loc":{"start":{"line":19,"column":21},"end":{"line":25,"column":1}},"type":"default-arg","locations":[{"start":{"line":19,"column":28},"end":{"line":25,"column":1}}],"line":19},"1":{"loc":{"start":{"line":51,"column":6},"end":{"line":57,"column":7}},"type":"if","locations":[{"start":{"line":51,"column":6},"end":{"line":57,"column":7}},{"start":{"line":51,"column":6},"end":{"line":57,"column":7}}],"line":51}},"s":{"0":1,"1":1,"2":1,"3":1,"4":1,"5":6,"6":6,"7":6,"8":6,"9":0,"10":0,"11":0,"12":0,"13":0,"14":2,"15":2,"16":2,"17":2,"18":2,"19":2,"20":2,"21":2,"22":2,"23":2,"24":2,"25":2,"26":2,"27":2,"28":2,"29":2,"30":2,"31":4,"32":4,"33":2,"34":2,"35":4,"36":2,"37":2,"38":2,"39":2,"40":2,"41":2,"42":2,"43":2,"44":2,"45":2,"46":0,"47":0,"48":0,"49":0,"50":0,"51":0,"52":0,"53":0,"54":0,"55":0,"56":1,"57":1,"58":1,"59":1},"f":{"0":6,"1":6,"2":6,"3":0,"4":2,"5":2,"6":2,"7":2,"8":4,"9":2,"10":4,"11":2,"12":0,"13":0},"b":{"0":[0],"1":[0,0]},"_coverageSchema":"1a1c01bbd47fc00a2c39e90264f33305004495a9","hash":"c9b7266952c89f6baf4ea5048b306524840f9b76"}
,"/home/nelsons/Grupo11/Projetos/Projeto3/ui.js": {"path":"/home/nelsons/Grupo11/Projetos/Projeto3/ui.js","statementMap":{"0":{"start":{"line":2,"column":14},"end":{"line":2,"column":30}},"1":{"start":{"line":3,"column":22},"end":{"line":3,"column":38}},"2":{"start":{"line":4,"column":18},"end":{"line":4,"column":39}},"3":{"start":{"line":5,"column":22},"end":{"line":5,"column":36}},"4":{"start":{"line":6,"column":25},"end":{"line":6,"column":54}},"5":{"start":{"line":9,"column":15},"end":{"line":9,"column":26}},"6":{"start":{"line":10,"column":1},"end":{"line":16,"column":2}},"7":{"start":{"line":11,"column":2},"end":{"line":13,"column":4}},"8":{"start":{"line":12,"column":3},"end":{"line":12,"column":61}},"9":{"start":{"line":15,"column":2},"end":{"line":15,"column":96}},"10":{"start":{"line":24,"column":2},"end":{"line":24,"column":15}},"11":{"start":{"line":26,"column":2},"end":{"line":37,"column":14}},"12":{"start":{"line":41,"column":2},"end":{"line":54,"column":3}},"13":{"start":{"line":42,"column":3},"end":{"line":53,"column":4}},"14":{"start":{"line":43,"column":4},"end":{"line":47,"column":6}},"15":{"start":{"line":44,"column":5},"end":{"line":46,"column":22}},"16":{"start":{"line":50,"column":4},"end":{"line":52,"column":6}},"17":{"start":{"line":57,"column":2},"end":{"line":80,"column":3}},"18":{"start":{"line":58,"column":3},"end":{"line":79,"column":4}},"19":{"start":{"line":59,"column":4},"end":{"line":64,"column":7}},"20":{"start":{"line":61,"column":6},"end":{"line":63,"column":23}},"21":{"start":{"line":66,"column":14},"end":{"line":66,"column":16}},"22":{"start":{"line":67,"column":4},"end":{"line":69,"column":5}},"23":{"start":{"line":68,"column":5},"end":{"line":68,"column":59}},"24":{"start":{"line":70,"column":4},"end":{"line":72,"column":5}},"25":{"start":{"line":71,"column":5},"end":{"line":71,"column":60}},"26":{"start":{"line":73,"column":4},"end":{"line":75,"column":5}},"27":{"start":{"line":74,"column":5},"end":{"line":74,"column":46}},"28":{"start":{"line":76,"column":4},"end":{"line":78,"column":6}},"29":{"start":{"line":82,"column":2},"end":{"line":105,"column":3}},"30":{"start":{"line":83,"column":3},"end":{"line":104,"column":4}},"31":{"start":{"line":84,"column":4},"end":{"line":89,"column":7}},"32":{"start":{"line":86,"column":6},"end":{"line":88,"column":23}},"33":{"start":{"line":91,"column":14},"end":{"line":91,"column":16}},"34":{"start":{"line":92,"column":4},"end":{"line":94,"column":5}},"35":{"start":{"line":93,"column":5},"end":{"line":93,"column":59}},"36":{"start":{"line":95,"column":4},"end":{"line":97,"column":5}},"37":{"start":{"line":96,"column":5},"end":{"line":96,"column":73}},"38":{"start":{"line":98,"column":4},"end":{"line":100,"column":5}},"39":{"start":{"line":99,"column":5},"end":{"line":99,"column":46}},"40":{"start":{"line":101,"column":4},"end":{"line":103,"column":6}},"41":{"start":{"line":107,"column":2},"end":{"line":126,"column":3}},"42":{"start":{"line":108,"column":3},"end":{"line":125,"column":4}},"43":{"start":{"line":109,"column":4},"end":{"line":113,"column":6}},"44":{"start":{"line":110,"column":5},"end":{"line":112,"column":22}},"45":{"start":{"line":115,"column":14},"end":{"line":115,"column":16}},"46":{"start":{"line":116,"column":4},"end":{"line":118,"column":5}},"47":{"start":{"line":117,"column":5},"end":{"line":117,"column":48}},"48":{"start":{"line":119,"column":4},"end":{"line":121,"column":5}},"49":{"start":{"line":120,"column":5},"end":{"line":120,"column":60}},"50":{"start":{"line":122,"column":4},"end":{"line":124,"column":6}},"51":{"start":{"line":131,"column":2},"end":{"line":133,"column":4}},"52":{"start":{"line":138,"column":0},"end":{"line":148,"column":2}},"53":{"start":{"line":150,"column":0},"end":{"line":153,"column":2}},"54":{"start":{"line":155,"column":0},"end":{"line":155,"column":21}}},"fnMap":{"0":{"name":"DisplayAction","decl":{"start":{"line":8,"column":9},"end":{"line":8,"column":22}},"loc":{"start":{"line":8,"column":29},"end":{"line":18,"column":1}},"line":8},"1":{"name":"(anonymous_1)","decl":{"start":{"line":11,"column":19},"end":{"line":11,"column":20}},"loc":{"start":{"line":11,"column":37},"end":{"line":13,"column":3}},"line":11},"2":{"name":"(anonymous_2)","decl":{"start":{"line":23,"column":1},"end":{"line":23,"column":2}},"loc":{"start":{"line":23,"column":20},"end":{"line":38,"column":2}},"line":23},"3":{"name":"(anonymous_3)","decl":{"start":{"line":40,"column":1},"end":{"line":40,"column":2}},"loc":{"start":{"line":40,"column":21},"end":{"line":128,"column":2}},"line":40},"4":{"name":"(anonymous_4)","decl":{"start":{"line":43,"column":101},"end":{"line":43,"column":102}},"loc":{"start":{"line":43,"column":113},"end":{"line":47,"column":5}},"line":43},"5":{"name":"(anonymous_5)","decl":{"start":{"line":60,"column":11},"end":{"line":60,"column":12}},"loc":{"start":{"line":60,"column":23},"end":{"line":64,"column":6}},"line":60},"6":{"name":"(anonymous_6)","decl":{"start":{"line":85,"column":11},"end":{"line":85,"column":12}},"loc":{"start":{"line":85,"column":23},"end":{"line":89,"column":6}},"line":85},"7":{"name":"(anonymous_7)","decl":{"start":{"line":109,"column":121},"end":{"line":109,"column":122}},"loc":{"start":{"line":109,"column":133},"end":{"line":113,"column":5}},"line":109},"8":{"name":"(anonymous_8)","decl":{"start":{"line":130,"column":1},"end":{"line":130,"column":2}},"loc":{"start":{"line":130,"column":10},"end":{"line":134,"column":4}},"line":130}},"branchMap":{"0":{"loc":{"start":{"line":10,"column":1},"end":{"line":16,"column":2}},"type":"if","locations":[{"start":{"line":10,"column":1},"end":{"line":16,"column":2}},{"start":{"line":10,"column":1},"end":{"line":16,"column":2}}],"line":10},"1":{"loc":{"start":{"line":30,"column":13},"end":{"line":30,"column":72}},"type":"cond-expr","locations":[{"start":{"line":30,"column":30},"end":{"line":30,"column":55}},{"start":{"line":30,"column":58},"end":{"line":30,"column":72}}],"line":30},"2":{"loc":{"start":{"line":41,"column":2},"end":{"line":54,"column":3}},"type":"if","locations":[{"start":{"line":41,"column":2},"end":{"line":54,"column":3}},{"start":{"line":41,"column":2},"end":{"line":54,"column":3}}],"line":41},"3":{"loc":{"start":{"line":41,"column":5},"end":{"line":41,"column":77}},"type":"binary-expr","locations":[{"start":{"line":41,"column":5},"end":{"line":41,"column":45}},{"start":{"line":41,"column":49},"end":{"line":41,"column":77}}],"line":41},"4":{"loc":{"start":{"line":42,"column":3},"end":{"line":53,"column":4}},"type":"if","locations":[{"start":{"line":42,"column":3},"end":{"line":53,"column":4}},{"start":{"line":42,"column":3},"end":{"line":53,"column":4}}],"line":42},"5":{"loc":{"start":{"line":57,"column":2},"end":{"line":80,"column":3}},"type":"if","locations":[{"start":{"line":57,"column":2},"end":{"line":80,"column":3}},{"start":{"line":57,"column":2},"end":{"line":80,"column":3}}],"line":57},"6":{"loc":{"start":{"line":57,"column":5},"end":{"line":57,"column":74}},"type":"binary-expr","locations":[{"start":{"line":57,"column":5},"end":{"line":57,"column":42}},{"start":{"line":57,"column":46},"end":{"line":57,"column":74}}],"line":57},"7":{"loc":{"start":{"line":58,"column":3},"end":{"line":79,"column":4}},"type":"if","locations":[{"start":{"line":58,"column":3},"end":{"line":79,"column":4}},{"start":{"line":58,"column":3},"end":{"line":79,"column":4}}],"line":58},"8":{"loc":{"start":{"line":58,"column":6},"end":{"line":58,"column":62}},"type":"binary-expr","locations":[{"start":{"line":58,"column":6},"end":{"line":58,"column":21}},{"start":{"line":58,"column":26},"end":{"line":58,"column":44}},{"start":{"line":58,"column":48},"end":{"line":58,"column":62}}],"line":58},"9":{"loc":{"start":{"line":67,"column":4},"end":{"line":69,"column":5}},"type":"if","locations":[{"start":{"line":67,"column":4},"end":{"line":69,"column":5}},{"start":{"line":67,"column":4},"end":{"line":69,"column":5}}],"line":67},"10":{"loc":{"start":{"line":70,"column":4},"end":{"line":72,"column":5}},"type":"if","locations":[{"start":{"line":70,"column":4},"end":{"line":72,"column":5}},{"start":{"line":70,"column":4},"end":{"line":72,"column":5}}],"line":70},"11":{"loc":{"start":{"line":73,"column":4},"end":{"line":75,"column":5}},"type":"if","locations":[{"start":{"line":73,"column":4},"end":{"line":75,"column":5}},{"start":{"line":73,"column":4},"end":{"line":75,"column":5}}],"line":73},"12":{"loc":{"start":{"line":82,"column":2},"end":{"line":105,"column":3}},"type":"if","locations":[{"start":{"line":82,"column":2},"end":{"line":105,"column":3}},{"start":{"line":82,"column":2},"end":{"line":105,"column":3}}],"line":82},"13":{"loc":{"start":{"line":82,"column":5},"end":{"line":82,"column":86}},"type":"binary-expr","locations":[{"start":{"line":82,"column":5},"end":{"line":82,"column":53}},{"start":{"line":82,"column":57},"end":{"line":82,"column":86}}],"line":82},"14":{"loc":{"start":{"line":83,"column":3},"end":{"line":104,"column":4}},"type":"if","locations":[{"start":{"line":83,"column":3},"end":{"line":104,"column":4}},{"start":{"line":83,"column":3},"end":{"line":104,"column":4}}],"line":83},"15":{"loc":{"start":{"line":83,"column":6},"end":{"line":83,"column":63}},"type":"binary-expr","locations":[{"start":{"line":83,"column":6},"end":{"line":83,"column":21}},{"start":{"line":83,"column":26},"end":{"line":83,"column":45}},{"start":{"line":83,"column":49},"end":{"line":83,"column":63}}],"line":83},"16":{"loc":{"start":{"line":92,"column":4},"end":{"line":94,"column":5}},"type":"if","locations":[{"start":{"line":92,"column":4},"end":{"line":94,"column":5}},{"start":{"line":92,"column":4},"end":{"line":94,"column":5}}],"line":92},"17":{"loc":{"start":{"line":95,"column":4},"end":{"line":97,"column":5}},"type":"if","locations":[{"start":{"line":95,"column":4},"end":{"line":97,"column":5}},{"start":{"line":95,"column":4},"end":{"line":97,"column":5}}],"line":95},"18":{"loc":{"start":{"line":98,"column":4},"end":{"line":100,"column":5}},"type":"if","locations":[{"start":{"line":98,"column":4},"end":{"line":100,"column":5}},{"start":{"line":98,"column":4},"end":{"line":100,"column":5}}],"line":98},"19":{"loc":{"start":{"line":107,"column":2},"end":{"line":126,"column":3}},"type":"if","locations":[{"start":{"line":107,"column":2},"end":{"line":126,"column":3}},{"start":{"line":107,"column":2},"end":{"line":126,"column":3}}],"line":107},"20":{"loc":{"start":{"line":107,"column":5},"end":{"line":107,"column":75}},"type":"binary-expr","locations":[{"start":{"line":107,"column":5},"end":{"line":107,"column":42}},{"start":{"line":107,"column":46},"end":{"line":107,"column":75}}],"line":107},"21":{"loc":{"start":{"line":108,"column":3},"end":{"line":125,"column":4}},"type":"if","locations":[{"start":{"line":108,"column":3},"end":{"line":125,"column":4}},{"start":{"line":108,"column":3},"end":{"line":125,"column":4}}],"line":108},"22":{"loc":{"start":{"line":108,"column":6},"end":{"line":108,"column":46}},"type":"binary-expr","locations":[{"start":{"line":108,"column":6},"end":{"line":108,"column":21}},{"start":{"line":108,"column":26},"end":{"line":108,"column":46}}],"line":108},"23":{"loc":{"start":{"line":116,"column":4},"end":{"line":118,"column":5}},"type":"if","locations":[{"start":{"line":116,"column":4},"end":{"line":118,"column":5}},{"start":{"line":116,"column":4},"end":{"line":118,"column":5}}],"line":116},"24":{"loc":{"start":{"line":119,"column":4},"end":{"line":121,"column":5}},"type":"if","locations":[{"start":{"line":119,"column":4},"end":{"line":121,"column":5}},{"start":{"line":119,"column":4},"end":{"line":121,"column":5}}],"line":119}},"s":{"0":1,"1":1,"2":1,"3":1,"4":1,"5":14,"6":14,"7":4,"8":9,"9":10,"10":7,"11":7,"12":7,"13":2,"14":1,"15":1,"16":1,"17":7,"18":2,"19":1,"20":1,"21":1,"22":1,"23":1,"24":1,"25":1,"26":1,"27":1,"28":1,"29":7,"30":2,"31":1,"32":1,"33":1,"34":1,"35":1,"36":1,"37":1,"38":1,"39":1,"40":1,"41":7,"42":1,"43":0,"44":0,"45":1,"46":1,"47":1,"48":1,"49":1,"50":1,"51":14,"52":1,"53":1,"54":1},"f":{"0":14,"1":9,"2":7,"3":7,"4":1,"5":1,"6":1,"7":0,"8":14},"b":{"0":[4,10],"1":[1,6],"2":[2,5],"3":[7,5],"4":[1,1],"5":[2,5],"6":[7,5],"7":[1,1],"8":[2,1,1],"9":[1,0],"10":[1,0],"11":[1,0],"12":[2,5],"13":[7,5],"14":[1,1],"15":[2,1,1],"16":[1,0],"17":[1,0],"18":[1,0],"19":[1,6],"20":[7,6],"21":[0,1],"22":[1,0],"23":[1,0],"24":[1,0]},"_coverageSchema":"1a1c01bbd47fc00a2c39e90264f33305004495a9","hash":"0bfa8433a8508e17ca7454619f3f5ce73208da9b"}
}
