TN:
SF:new_cmd_soap_msg.js
FN:6,get_wsdl
FN:28,getcertificate
FN:48,ccmovelsign
FN:81,ccmovelmultiplesign
FN:112,validate_otp
FNF:5
FNH:4
FNDA:6,get_wsdl
FNDA:2,getcertificate
FNDA:2,ccmovelsign
FNDA:2,ccmovelmultiplesign
FNDA:0,validate_otp
DA:1,1
DA:2,1
DA:17,6
DA:22,6
DA:42,2
DA:43,2
DA:44,2
DA:62,2
DA:63,2
DA:66,2
DA:67,2
DA:68,2
DA:98,2
DA:99,2
DA:100,2
DA:129,0
DA:130,0
DA:131,0
DA:144,1
DA:145,1
DA:146,1
DA:147,1
LF:22
LH:19
BRDA:28,0,0,0
BRDA:43,1,0,2
BRDA:43,1,1,0
BRDA:48,2,0,1
BRDA:62,3,0,2
BRDA:62,3,1,0
BRDA:67,4,0,0
BRDA:67,4,1,2
BRDA:81,5,0,1
BRDA:99,6,0,0
BRDA:99,6,1,2
BRDA:112,7,0,0
BRDA:130,8,0,0
BRDA:130,8,1,0
BRF:14
BRH:6
end_of_record
TN:
SF:soap_request.js
FN:19,soapRequest
FN:33,(anonymous_1)
FN:42,(anonymous_2)
FN:50,(anonymous_3)
FN:69,getCertificateXML
FN:91,getCertificateRequest
FN:116,getCCMovelSignXML
FN:144,CCMovelSignRequest
FN:170,getMultSignHashStructures
FN:189,getCCMovelMultSignXML
FN:191,(anonymous_10)
FN:224,CCMovelMultSignRequest
FN:253,getValidateOTPXML
FN:277,validateOTPRequest
FNF:14
FNH:11
FNDA:6,soapRequest
FNDA:6,(anonymous_1)
FNDA:6,(anonymous_2)
FNDA:0,(anonymous_3)
FNDA:2,getCertificateXML
FNDA:2,getCertificateRequest
FNDA:2,getCCMovelSignXML
FNDA:2,CCMovelSignRequest
FNDA:4,getMultSignHashStructures
FNDA:2,getCCMovelMultSignXML
FNDA:4,(anonymous_10)
FNDA:2,CCMovelMultSignRequest
FNDA:0,getValidateOTPXML
FNDA:0,validateOTPRequest
DA:1,1
DA:2,1
DA:3,1
DA:4,1
DA:5,1
DA:32,6
DA:33,6
DA:34,6
DA:43,6
DA:51,0
DA:52,0
DA:53,0
DA:55,0
DA:56,0
DA:70,2
DA:83,2
DA:92,2
DA:93,2
DA:94,2
DA:99,2
DA:100,2
DA:103,2
DA:117,2
DA:133,2
DA:145,2
DA:147,2
DA:152,2
DA:153,2
DA:157,2
DA:158,2
DA:159,2
DA:171,4
DA:177,4
DA:190,2
DA:191,2
DA:192,4
DA:195,2
DA:213,2
DA:225,2
DA:226,2
DA:227,2
DA:232,2
DA:233,2
DA:239,2
DA:240,2
DA:241,2
DA:254,0
DA:267,0
DA:278,0
DA:280,0
DA:284,0
DA:285,0
DA:286,0
DA:290,0
DA:291,0
DA:292,0
DA:296,1
DA:297,1
DA:298,1
DA:299,1
LF:60
LH:45
BRDA:19,0,0,0
BRDA:51,1,0,0
BRDA:51,1,1,0
BRF:3
BRH:0
end_of_record
TN:
SF:ui.js
FN:8,DisplayAction
FN:11,(anonymous_1)
FN:23,(anonymous_2)
FN:40,(anonymous_3)
FN:43,(anonymous_4)
FN:60,(anonymous_5)
FN:85,(anonymous_6)
FN:109,(anonymous_7)
FN:130,(anonymous_8)
FNF:9
FNH:8
FNDA:14,DisplayAction
FNDA:9,(anonymous_1)
FNDA:7,(anonymous_2)
FNDA:7,(anonymous_3)
FNDA:1,(anonymous_4)
FNDA:1,(anonymous_5)
FNDA:1,(anonymous_6)
FNDA:0,(anonymous_7)
FNDA:14,(anonymous_8)
DA:2,1
DA:3,1
DA:4,1
DA:5,1
DA:6,1
DA:9,14
DA:10,14
DA:11,4
DA:12,9
DA:15,10
DA:24,7
DA:26,7
DA:41,7
DA:42,2
DA:43,1
DA:44,1
DA:50,1
DA:57,7
DA:58,2
DA:59,1
DA:61,1
DA:66,1
DA:67,1
DA:68,1
DA:70,1
DA:71,1
DA:73,1
DA:74,1
DA:76,1
DA:82,7
DA:83,2
DA:84,1
DA:86,1
DA:91,1
DA:92,1
DA:93,1
DA:95,1
DA:96,1
DA:98,1
DA:99,1
DA:101,1
DA:107,7
DA:108,1
DA:109,0
DA:110,0
DA:115,1
DA:116,1
DA:117,1
DA:119,1
DA:120,1
DA:122,1
DA:131,14
DA:138,1
DA:150,1
DA:155,1
LF:55
LH:53
BRDA:10,0,0,4
BRDA:10,0,1,10
BRDA:30,1,0,1
BRDA:30,1,1,6
BRDA:41,2,0,2
BRDA:41,2,1,5
BRDA:41,3,0,7
BRDA:41,3,1,5
BRDA:42,4,0,1
BRDA:42,4,1,1
BRDA:57,5,0,2
BRDA:57,5,1,5
BRDA:57,6,0,7
BRDA:57,6,1,5
BRDA:58,7,0,1
BRDA:58,7,1,1
BRDA:58,8,0,2
BRDA:58,8,1,1
BRDA:58,8,2,1
BRDA:67,9,0,1
BRDA:67,9,1,0
BRDA:70,10,0,1
BRDA:70,10,1,0
BRDA:73,11,0,1
BRDA:73,11,1,0
BRDA:82,12,0,2
BRDA:82,12,1,5
BRDA:82,13,0,7
BRDA:82,13,1,5
BRDA:83,14,0,1
BRDA:83,14,1,1
BRDA:83,15,0,2
BRDA:83,15,1,1
BRDA:83,15,2,1
BRDA:92,16,0,1
BRDA:92,16,1,0
BRDA:95,17,0,1
BRDA:95,17,1,0
BRDA:98,18,0,1
BRDA:98,18,1,0
BRDA:107,19,0,1
BRDA:107,19,1,6
BRDA:107,20,0,7
BRDA:107,20,1,6
BRDA:108,21,0,0
BRDA:108,21,1,1
BRDA:108,22,0,1
BRDA:108,22,1,0
BRDA:116,23,0,1
BRDA:116,23,1,0
BRDA:119,24,0,1
BRDA:119,24,1,0
BRF:52
BRH:42
end_of_record
